2019-11-30 08:12:16,319 - pyswarms.single.global_best - INFO - Optimize for 100 iters with {'c1': 0.5, 'c2': 0.3, 'w': 0.9}
2019-11-30 08:12:16,395 - pyswarms.single.global_best - INFO - Optimization finished | best cost: 8.760364869511124e-09, best pos: [5.90143084e-05 7.26476172e-05]
2019-11-30 08:13:19,241 - pyswarms.single.global_best - INFO - Optimize for 100 iters with {'c1': 0.5, 'c2': 0.3, 'w': 0.9}
2019-11-30 08:13:19,295 - pyswarms.single.global_best - INFO - Optimization finished | best cost: 4.3758855657190266e-07, best pos: [-0.00063584  0.00018247]
2019-11-30 08:17:31,982 - pyswarms.single.global_best - INFO - Optimize for 100 iters with {'c1': 0.5, 'c2': 0.3, 'w': 0.9}
2019-11-30 08:18:19,541 - pyswarms.single.global_best - INFO - Optimize for 100 iters with {'c1': 0.5, 'c2': 0.3, 'w': 0.9}
2019-11-30 08:18:42,686 - pyswarms.single.global_best - INFO - Optimize for 100 iters with {'c1': 0.5, 'c2': 0.3, 'w': 0.9}
2019-11-30 08:20:47,002 - pyswarms.single.global_best - INFO - Optimize for 100 iters with {'c1': 0.5, 'c2': 0.3, 'w': 0.9}
2019-11-30 08:22:25,525 - pyswarms.single.global_best - INFO - Optimize for 100 iters with {'c1': 0.5, 'c2': 0.3, 'w': 0.9}
2019-11-30 09:09:53,176 - pyswarms.single.global_best - INFO - Optimize for 100 iters with {'c1': 0.5, 'c2': 0.3, 'w': 0.9}
2019-11-30 09:10:17,415 - pyswarms.single.global_best - INFO - Optimize for 100 iters with {'c1': 0.5, 'c2': 0.3, 'w': 0.9}
2019-11-30 10:01:35,531 - pyswarms.single.global_best - INFO - Optimize for 100 iters with {'c1': 0.5, 'c2': 0.3, 'w': 0.9}
2019-11-30 10:02:02,987 - pyswarms.single.global_best - INFO - Optimize for 100 iters with {'c1': 0.5, 'c2': 0.3, 'w': 0.9}
2019-11-30 10:02:04,234 - pyswarms.single.global_best - INFO - Optimization finished | best cost: 10000121920.0, best pos: [6.91776054e-01 1.87192811e-01 5.14437353e-01 3.68519559e-01
 7.63439668e-01 6.25731296e-01 3.86929570e-01 4.92192459e-01
 3.90916609e-01 6.20318122e-01 5.66648042e-01 3.29955536e-01
 2.61555392e-01 2.72505732e-01 2.07005371e-01 7.45047594e-01
 4.15836518e-01 8.05886553e-01 5.33775382e-01 4.51619091e-01
 1.27167216e-01 3.96392321e-01 1.16572559e-01 3.38551448e-01
 6.11761169e-01 3.87106714e-01 5.36624942e-01 6.36997120e-01
 3.04620374e-01 6.98785129e-01 3.55671011e-01 6.42272880e-01
 1.79871303e-01 4.25765474e-01 4.16901185e-01 5.46090073e-01
 4.75993532e-01 4.36308780e-01 5.80394331e-01 4.35820555e-01
 3.44235076e-01 5.13183449e-01 4.27086135e-01 3.86095530e-01
 3.36923198e-01 2.06430133e-01 7.72008041e-01 8.03373555e-01
 5.82350891e-01 9.73579179e-01 6.10785566e-01 1.71355529e-01
 2.77385050e-01 2.77679968e-01 1.70204203e-01 4.29170827e-01
 5.42433309e-01 7.78694817e-01 8.33804293e-01 6.86709064e-01
 7.31873906e-01 5.22875315e-03 6.35846137e-01 4.77162510e-01
 2.98482171e-01 4.00736861e-01 3.89827290e-01 1.99097568e-01
 2.77675417e-01 2.98254587e-01 3.04682459e-01 5.29411498e-02
 1.35877540e-01 2.82539640e-01 5.49873515e-01 5.13030407e-01
 3.49104449e-01 4.29992166e-01 1.79641411e-01 8.55080411e-01
 6.88583622e-01 3.36647480e-01 7.14581581e-01 5.67832215e-01
 2.71126048e-01 5.99992185e-01 4.97254534e-01 7.65834747e-01
 6.15923421e-01 3.61671264e-01 9.68501964e-02 6.95867452e-01
 1.79014965e-01 4.82283600e-01 7.63931503e-01 5.19131779e-01
 7.13590088e-01 7.97783510e-01 7.38286501e-01 5.40444813e-01
 5.72346824e-01 5.36467091e-01 3.37946317e-01 6.00647251e-01
 6.12543169e-01 5.39699870e-01 2.74665596e-01 3.02283718e-01
 2.43423143e-01 4.55805797e-01 4.51773328e-01 1.40611558e-01
 3.92314153e-01 5.28022156e-01 2.89163627e-01 5.12329445e-01
 1.94995430e-01 7.18978045e-01 5.13496810e-01 5.30293743e-02
 1.26997299e-01 5.56299050e-01 7.76856625e-01 6.50036478e-01
 8.16146897e-01 6.88732137e-01 4.60003965e-01 5.41294360e-01
 5.96830571e-01 3.16351903e-01 1.89016168e-01 7.39163800e-01
 4.44106468e-01 2.44190020e-01 4.81064642e-01 5.40875300e-01
 5.63595727e-01 2.11945479e-01 6.94180539e-01 4.55066064e-01
 2.33210926e-01 3.40325319e-01 6.15809072e-01 7.17350687e-01
 6.97152449e-01 6.71755208e-01 4.19327888e-01 4.32941265e-01
 4.03725513e-01 1.27109025e-01 2.77574237e-01 5.64883679e-01
 5.25833745e-01 7.50390358e-01 4.53781160e-01 4.51581054e-01
 5.47415404e-01 5.79954752e-01 3.93823740e-01 1.72863663e-01
 5.89157321e-01 4.95370217e-01 5.26539404e-01 6.16083759e-04
 2.67687738e-01 4.54682615e-01 6.29297675e-01 5.46639265e-01
 5.57577714e-01 4.84570492e-02 3.26821997e-01 6.54027235e-01
 5.53437683e-01 2.54516154e-01 6.94473173e-01 4.38360670e-01
 1.77194118e-01 5.92348308e-01 4.67425649e-01 2.03977001e-01
 3.10250155e-01 7.84102245e-01 5.52286333e-01 5.77134883e-01
 7.86963836e-01 3.68193477e-01 1.81731789e-01 1.48688088e-01
 4.58509091e-01 4.16443839e-01 5.90457413e-01 2.02729881e-01
 5.89650696e-01 1.56049903e-01 3.50301877e-01 1.44572044e-01
 5.93480166e-01 8.21176350e-01 4.57914652e-01 6.62719028e-01
 1.70658959e-01 8.45046875e-01 2.67073169e-01 5.17122657e-01
 4.74129495e-01 1.53348433e-01 5.24984519e-01 4.07169908e-01
 6.55603172e-01 3.82395574e-01 6.32979848e-01 4.60685309e-01
 4.16663749e-01 3.95587162e-01 5.25536117e-01 6.05608720e-01
 6.14394928e-01 6.31547873e-01 2.62809281e-01 2.43034106e-01
 4.63754970e-01 5.70261754e-01 2.67907069e-01 7.19138230e-01
 5.26582010e-01 1.99744007e-01 7.85655772e-01 5.25548995e-01
 6.04422137e-01 6.99270000e-01 5.60560372e-01 4.43811949e-01
 1.42919403e-01 7.81673507e-01 6.00385048e-01 4.33701268e-01
 6.93627612e-01 3.63476343e-01 5.02686881e-01 6.91485267e-01
 3.27801112e-01 2.94823391e-01 5.56859875e-01 4.05558751e-01
 5.97157241e-01 5.63949681e-02 3.88068913e-01 3.51791186e-01
 5.25075367e-01 2.80022201e-01 6.56869570e-01 1.83162145e-01
 4.41746242e-01 7.91458754e-01 8.56413200e-01 3.04359370e-01
 9.21407186e-01 5.20327781e-01 9.02011376e-01 5.03536180e-01
 1.77312673e-01 4.10527217e-01 4.81333878e-01 2.94376293e-01
 6.27938725e-01 5.32691970e-01 3.12737645e-01 3.05724847e-01
 5.71130968e-01 5.02367490e-01 1.78539612e-01 5.48920926e-01
 4.69144597e-01 5.99912890e-01 5.44160822e-01 7.50185763e-01
 4.39604157e-01 3.67354654e-01 6.30616564e-02 4.85145685e-01
 1.93501895e-01 8.20222289e-01 2.63630767e-01 7.71044591e-01
 3.41851647e-01 5.32863531e-01 6.87440656e-01 1.14872892e-02
 7.42103423e-01 5.80512845e-01 1.43893367e-01 7.44573557e-01
 3.13430991e-01 4.62139945e-02 4.08619096e-01 7.55184984e-01
 3.11153011e-01 7.19066419e-02 8.96017600e-01 6.75716955e-01
 4.46140417e-01 4.72076987e-01 4.84358821e-01 5.01679917e-01
 6.73534903e-01 4.12087802e-01 7.93062554e-01 6.80309709e-01
 6.45474123e-01 2.35437909e-01 3.48709509e-01 3.22554186e-01
 2.04611706e-01 1.51364025e-01 1.62610887e-01 6.84809509e-01
 5.79790709e-01 7.26911472e-01 4.65200501e-01 2.90050428e-01
 6.69146610e-01 6.84643710e-01 2.94633174e-01 3.27638047e-01
 1.77439791e-01 1.78424926e-01 3.97462918e-01 2.61867547e-01
 4.97233121e-01 8.16638396e-01 6.66500762e-01 6.08836572e-01
 5.59123500e-01 3.08217378e-01 4.31802321e-02 8.37725716e-01
 2.53977490e-01 3.56093194e-01 4.37283583e-01 6.05700777e-01
 8.96220231e-01 6.74475890e-01 2.94551530e-01 4.07129792e-01
 3.08587656e-01 4.70683740e-01 3.20992023e-01 6.95009175e-02
 8.74519687e-02 9.28172965e-02 2.08703460e-01 7.26604463e-01
 4.12706256e-01 5.44327566e-02 2.90709465e-01 5.43184674e-01
 2.45085425e-01 2.20796137e-01 6.60680998e-01 3.42878987e-01
 6.53209268e-01 1.47413916e-01 7.62618009e-01 3.36591360e-01
 6.04266878e-01 1.50323640e-01 3.32335511e-01 1.01372100e-01
 5.30878240e-01 4.27859304e-01 7.59747583e-01 5.71902510e-01
 4.74895980e-01 3.52475477e-01 2.86238240e-01 9.51818988e-01
 6.25024783e-01 8.87328084e-01 7.25690396e-01 5.50994537e-01
 3.36850704e-01 2.49737195e-01 4.82263520e-01 3.59807001e-01
 5.26452956e-01 3.20056962e-01 6.04730763e-01 3.56533285e-01
 5.26184594e-01 8.10824481e-01 2.31707600e-01 2.11860228e-01
 7.76301472e-01 1.32311997e-01 6.41324081e-01 1.87075509e-01
 7.99463044e-01 1.94097589e-01 6.45287034e-01 5.59144568e-01
 8.69770515e-01 3.30862252e-02 2.89309085e-01 2.88285954e-01
 1.34571408e-01 9.86389622e-01 5.68672574e-01 8.94988891e-01
 6.87477490e-01 5.58316147e-01 2.07783625e-01 1.53112600e-01
 3.04114805e-02 3.09318885e-01 5.13781677e-01 6.29160646e-01
 2.16779293e-01 7.35284910e-01 9.08683936e-02 6.56177411e-01
 7.07500511e-01 2.32871913e-01 2.62446417e-01 1.78472379e-01
 7.97703293e-01 4.76690731e-01 6.79190922e-01 2.11252003e-01
 6.43190531e-01 7.15862660e-01 8.74963659e-01 6.83858602e-01
 4.53924126e-01 2.63717161e-01 1.26577167e-01 4.12899840e-01
 8.31409278e-01 2.47121106e-01 2.55184794e-01 8.84179864e-01
 6.45624450e-01 5.63234998e-01 3.52178202e-01 4.49782380e-01
 7.36674916e-01 6.19046339e-01 4.69339745e-01 4.23362828e-01
 2.92653352e-01 5.47653674e-01 3.61211179e-01 4.08693908e-01
 7.46261580e-01 4.69561812e-01 1.55079859e-01 3.58160267e-01
 4.55202406e-01 4.31153396e-01 8.94714757e-01 2.23235864e-01
 7.74440242e-01 3.38312453e-01 6.29844229e-01 1.79921213e-01
 4.49459963e-01 5.43716099e-01 8.42029643e-01 3.61428259e-01
 3.88250086e-01 5.21010775e-01 5.28508051e-01 5.24899223e-01
 4.15825306e-01 3.84188061e-01 1.88581965e-01 4.88804397e-01
 4.53893621e-02 4.75538680e-01 4.20234452e-01 7.72534162e-01
 3.51680573e-01 2.63024931e-01 5.45695962e-01 3.81888073e-01
 2.16085353e-01 4.39556945e-01 4.93501591e-01 4.02868490e-01
 2.04065445e-01 3.20226002e-01 1.98974027e-01 6.79274930e-01
 3.52718399e-01 2.34213787e-01 4.26013579e-01 2.87347819e-01
 6.80420387e-01 5.56639269e-01 2.95815557e-01 5.03866796e-01]
2019-11-30 10:02:42,286 - pyswarms.single.global_best - INFO - Optimize for 100 iters with {'c1': 0.5, 'c2': 0.3, 'w': 0.9}
2019-11-30 10:02:50,204 - pyswarms.single.global_best - INFO - Optimization finished | best cost: 10000110577.0, best pos: [4.77904603e-01 5.87566043e-01 4.46844621e-01 3.73304818e-01
 6.58376861e-01 3.58407023e-01 5.57759158e-01 2.92759636e-01
 6.17457317e-01 3.60294958e-01 3.53221974e-02 3.86758815e-01
 4.96966321e-01 1.60620805e-01 1.26635612e-01 7.84561967e-01
 4.41063422e-01 2.50549832e-01 5.87059792e-01 5.41770897e-01
 4.98040080e-01 8.42747758e-01 4.05564574e-01 2.66885303e-01
 4.63125499e-01 6.85364693e-01 6.11134350e-01 6.03466098e-01
 3.52225922e-01 4.04653771e-01 5.67466728e-01 2.13114406e-01
 5.74389040e-01 6.01474800e-01 2.16289388e-01 2.21242670e-01
 6.98075680e-01 6.17657077e-01 3.08473472e-01 4.85489367e-01
 2.17597155e-01 3.97904090e-01 4.18813318e-01 8.35353986e-01
 3.26548996e-01 4.98501166e-01 4.16578909e-01 4.97243076e-01
 3.71895451e-01 1.21987813e-01 2.81253666e-01 8.77146996e-02
 4.45053583e-01 7.03436412e-01 6.08322084e-01 4.61731197e-01
 3.82957819e-01 5.50065414e-01 8.16271481e-01 6.69642584e-01
 4.78855453e-01 8.29962887e-01 4.48873979e-01 3.04892833e-01
 7.54668915e-01 3.36277486e-01 2.24263802e-02 3.14971676e-01
 3.96796786e-01 4.20191161e-01 8.60636203e-01 3.79510284e-01
 1.40996944e-01 5.19287086e-01 5.05524955e-01 6.91531944e-01
 1.45567014e-01 5.60970635e-01 1.01231627e-01 5.43849131e-01
 4.99146866e-01 6.15043136e-01 1.66695604e-01 8.45541590e-01
 3.53501545e-01 5.24883929e-01 3.96273746e-01 3.25485021e-01
 4.86191547e-01 4.43939941e-01 3.33148430e-01 2.77356848e-01
 8.24331158e-01 2.69676138e-01 3.83137207e-01 4.85379283e-01
 4.12442837e-01 4.50469398e-01 9.12057234e-01 6.49912353e-01
 1.94703174e-01 4.10594619e-01 3.64453104e-01 4.92844863e-01
 1.17984574e-01 3.29990600e-01 3.00517354e-01 5.97339673e-01
 2.60447937e-01 5.02087957e-01 5.90057262e-01 4.34364577e-01
 3.72890608e-01 7.43283493e-01 3.17853556e-01 4.19301274e-01
 2.89856051e-01 1.76523298e-01 4.32613307e-01 4.62891276e-01
 8.99444619e-02 1.87451510e-01 3.32071957e-01 4.30531922e-01
 8.79411901e-01 4.26631979e-01 5.12924023e-01 3.06221195e-01
 5.11168242e-01 4.09608594e-01 6.38600705e-01 3.07852074e-01
 2.91238775e-01 5.51764021e-01 4.89411143e-01 6.31621348e-01
 6.98936904e-01 4.01770773e-01 3.22800002e-01 1.74594731e-01
 6.42247848e-01 3.51833999e-01 2.54458726e-01 3.96906098e-01
 7.61685078e-01 5.58305877e-01 2.66166607e-01 3.93695115e-01
 5.89732447e-01 3.57703897e-01 2.09810535e-01 6.12419901e-01
 6.45237699e-01 7.49747532e-01 4.32253591e-01 5.96594796e-01
 4.46531183e-01 6.90270846e-01 2.13921406e-01 3.65564579e-01
 4.73173438e-01 2.18909347e-01 4.17618749e-01 1.95812258e-01
 4.84560209e-01 3.92741426e-01 2.50167315e-01 4.32275928e-01
 3.26279894e-01 3.18498321e-01 4.24020513e-01 8.50781982e-01
 3.53874162e-01 1.37792886e-01 1.19510203e-01 6.96564851e-01
 3.75113468e-01 2.96009480e-01 3.67276498e-01 4.10663921e-01
 4.22007543e-01 3.32256202e-01 1.72734983e-01 7.74465607e-01
 4.56404812e-01 4.99116469e-01 4.86555436e-01 1.67655078e-01
 2.71455509e-01 2.47614358e-01 2.99445104e-02 3.35733955e-01
 2.57554716e-01 6.50534101e-04 2.29942230e-01 6.65832224e-01
 5.44807785e-01 1.51302177e-01 4.28119592e-01 6.73417785e-01
 2.48415203e-01 5.01487246e-01 4.65264007e-01 3.06992953e-01
 7.92530917e-01 6.97864717e-01 3.94757933e-01 5.22131657e-01
 5.15867527e-01 2.99174067e-01 9.27220875e-02 4.45394270e-01
 5.26826767e-01 7.50498438e-01 4.52924190e-01 6.31299939e-01
 7.64511972e-02 1.94818108e-01 3.93438910e-01 4.90414959e-01
 4.54544334e-01 3.41778649e-01 2.17287912e-01 1.41313872e-01
 2.57157467e-01 1.74443697e-01 3.38822942e-01 5.28977152e-01
 3.40812972e-01 5.42095367e-01 5.12378044e-01 5.39892036e-01
 4.08928059e-01 2.28031699e-01 5.87322273e-01 4.50632556e-01
 3.53673725e-01 3.10821712e-01 2.55339585e-01 3.07581071e-01
 3.07622888e-01 6.41867958e-01 5.63948901e-01 7.04169177e-01
 2.04123711e-01 2.03787622e-01 1.68768086e-01 3.51752905e-01
 4.22894902e-01 4.68386553e-01 4.91443331e-01 2.93360962e-01
 6.06578304e-01 6.02190382e-01 9.65024282e-01 2.46057210e-02
 5.94943239e-01 1.51374202e-01 7.81941017e-01 2.67682944e-01
 5.97714316e-01 5.63957037e-01 3.17397347e-01 6.52688336e-01
 7.03596012e-01 4.68860621e-01 2.91792342e-01 7.05084926e-01
 3.08813670e-01 2.23950073e-01 2.08190775e-01 4.31655262e-01
 4.10318723e-01 5.33125704e-01 2.94185662e-01 3.44601613e-01
 5.64539490e-01 6.68640429e-01 3.80852503e-03 3.54526171e-01
 5.17032712e-01 2.46975987e-01 5.59159101e-01 3.40964034e-01
 3.68877964e-01 3.90911349e-01 6.97624301e-01 5.12536522e-01
 3.40238372e-01 1.88545162e-01 4.91195890e-01 3.94452226e-01
 6.87479445e-01 4.72708628e-01 7.74609806e-03 6.13525182e-01
 2.99590427e-01 4.79217988e-01 4.39297615e-02 3.34358945e-01
 8.47321700e-01 4.04703485e-01 1.69586081e-01 7.60903668e-01
 2.53744932e-01 1.97453609e-01 5.04193825e-01 6.07829860e-01
 4.65148596e-01 5.28736944e-01 6.04329957e-01 4.01203015e-01
 1.43724928e-01 3.08935809e-01 4.80633603e-01 7.01289295e-01
 4.57573075e-01 3.09056613e-01 2.00390486e-01 5.42211474e-01
 4.25420598e-01 7.18775269e-01 4.60148495e-01 5.98973505e-01
 7.19530951e-01 5.93007750e-01 7.88123645e-01 3.47612135e-01
 1.61514644e-01 4.59006193e-01 4.20880952e-01 3.79793867e-01
 3.30795812e-01 4.00118353e-01 3.01824152e-01 3.61425101e-01
 5.47417582e-01 8.88387714e-01 2.93747049e-01 2.96827650e-01
 7.63833675e-01 6.91715695e-01 3.30919506e-01 6.11800159e-01
 6.11419725e-01 4.62397819e-01 5.84199926e-01 3.60077153e-01
 2.82811982e-01 2.18274132e-01 5.52043146e-01 5.95190056e-01
 3.71148734e-01 5.11520742e-01 4.05738919e-01 5.91643974e-01
 5.65833933e-01 5.77145325e-01 6.14994297e-01 5.08106425e-01
 8.37479631e-01 5.55110892e-01 9.84849337e-02 7.71850562e-01
 4.33716701e-01 5.55158695e-01 5.61919542e-01 3.35607953e-01
 1.72263237e-01 5.46185142e-01 4.14599239e-01 7.44690967e-01
 8.04982780e-01 6.51993439e-01 4.68034319e-01 5.56253671e-01
 3.26996250e-01 1.24891781e-02 3.41953974e-01 6.14050563e-01
 2.80334501e-01 4.17746556e-01 2.22126208e-01 3.31385554e-01
 7.29253290e-01 5.38617737e-01 3.34781930e-01 3.97485705e-01
 5.05183397e-01 4.32221518e-01 6.08909172e-01 4.49504362e-01
 5.98783059e-01 4.16735105e-01 4.25142649e-01 2.11012581e-01
 4.60095334e-01 3.88791730e-01 6.56292148e-01 3.64202846e-01
 7.82221169e-01 3.26493759e-01 5.22675737e-01 3.65284000e-01
 4.24142545e-01 6.08706110e-01 7.25548323e-01 6.81808328e-01
 2.03075041e-01 6.13396870e-01 5.92377530e-01 3.42050850e-01
 4.45131882e-01 3.01902453e-01 4.16001343e-01 2.26677440e-01
 3.05220374e-01 5.67023104e-01 3.98084387e-01 3.47960874e-01
 4.12397054e-01 3.68893522e-01 6.95561895e-01 8.44485214e-01
 2.25158602e-01 6.16448675e-01 3.38033304e-01 6.12858368e-01
 1.97008335e-01 5.86092535e-01 5.27161305e-01 4.53271963e-01
 2.43680044e-01 5.62258036e-01 6.00063754e-01 5.94626476e-01
 1.60017754e-01 3.87403249e-01 8.94060973e-01 4.16474029e-01
 4.42139186e-01 4.32583267e-01 1.92731593e-01 4.13637528e-01
 4.58489558e-01 2.03937118e-02 7.13066394e-01 4.42695645e-01
 4.25129711e-01 4.92295730e-01 4.26569008e-01 1.57092125e-01
 4.05131206e-01 4.98706443e-01 7.63733581e-01 3.92185376e-01
 3.10714190e-01 3.96798133e-01 2.23779142e-01 5.26560827e-01
 4.79029353e-01 9.44232707e-02 5.65627864e-01 2.67643932e-01
 4.27277648e-01 6.71476017e-02 5.08850332e-01 3.27702056e-01
 4.15096499e-02 5.75418454e-01 3.96543038e-01 4.26493814e-01
 5.03478503e-01 3.31643257e-01 4.35980967e-01 4.90495603e-01
 8.11341418e-01 7.89940684e-01 4.01567502e-01 6.25995465e-01
 5.09652712e-01 2.56151882e-01 7.38460057e-01 4.51422092e-01
 2.26767270e-01 2.19525664e-01 3.41668344e-01 3.01527585e-01
 3.78041913e-01 4.25234593e-01 7.26450833e-01 5.41203927e-02
 1.64679515e-01 1.45448797e-01 4.04845308e-01 6.83928732e-01
 1.37245796e-01 1.97323418e-01 5.30470993e-01 3.79361220e-01]
2019-11-30 10:10:07,864 - pyswarms.single.global_best - INFO - Optimize for 200 iters with {'c1': 0.5, 'c2': 0.3, 'w': 0.9}
2019-11-30 10:10:23,368 - pyswarms.single.global_best - INFO - Optimization finished | best cost: 10000107575.0, best pos: [0.5420739  0.20042189 0.55243781 0.37676659 0.46969127 0.36891856
 0.5611463  0.31740751 0.36795134 0.36835515 0.42346699 0.3039964
 0.64265087 0.61428697 0.39792482 0.42995398 0.77256391 0.19223966
 0.17206275 0.4080261  0.33873075 0.36225566 0.40593571 0.22498311
 0.79326241 0.44071244 0.13234422 0.45636985 0.60547065 0.43280572
 0.81303798 0.57736977 0.11942809 0.41154186 0.58237158 0.20881467
 0.66422021 0.33013781 0.54840834 0.63389859 0.56520495 0.20989314
 0.47353097 0.3316519  0.38403089 0.38910819 0.57920904 0.18642855
 0.62177311 0.33428824 0.26885735 0.38647351 0.36947675 0.55481455
 0.46947642 0.33896054 0.54661825 0.53390429 0.41390056 0.60873718
 0.74340166 0.24408795 0.5117336  0.65710645 0.48654646 0.25251103
 0.30236457 0.65240564 0.58767778 0.61550943 0.47010346 0.3272314
 0.07470915 0.44977892 0.32968016 0.52231386 0.43120189 0.35126369
 0.30242901 0.15558174 0.24673092 0.57738848 0.53322499 0.39257281
 0.22759977 0.63320886 0.40633666 0.70230767 0.27345636 0.47147104
 0.59621122 0.46537672 0.43352162 0.60342028 0.56902393 0.49329599
 0.43170235 0.59940401 0.43987562 0.44779423 0.26341253 0.29659151
 0.23805502 0.47448617 0.52779308 0.33388667 0.56085988 0.11543141
 0.63245128 0.54563859 0.31316275 0.66578683 0.72989737 0.28249494
 0.07037508 0.30803391 0.58128381 0.43549979 0.28607326 0.42644232
 0.51730063 0.3173849  0.64929595 0.22535031 0.49327315 0.47498759
 0.55795865 0.28247133 0.27398101 0.41544472 0.4807726  0.34878249
 0.23361812 0.1395279  0.24374839 0.30779539 0.51014976 0.14400987
 0.21120451 0.54083863 0.65425002 0.47469331 0.26872145 0.44698424
 0.52106626 0.31091857 0.42398032 0.47140547 0.49686267 0.54716908
 0.44280908 0.65522097 0.27266096 0.24789848 0.21841456 0.24990208
 0.38242118 0.39835406 0.64060578 0.3852344  0.409314   0.41201487
 0.77754841 0.40418467 0.73424275 0.38772719 0.20265359 0.21419939
 0.29915743 0.20790798 0.46738345 0.76835962 0.38643541 0.44730461
 0.61442122 0.41361136 0.36234408 0.51040105 0.4945073  0.21591743
 0.6208679  0.75706029 0.61124669 0.57629766 0.54488634 0.53027382
 0.34981905 0.40517039 0.44630633 0.49379262 0.28065363 0.73976772
 0.49386269 0.36511029 0.34053698 0.73647581 0.49055186 0.77540781
 0.31810823 0.33187397 0.70345432 0.48091042 0.21100597 0.54108457
 0.35147313 0.42583828 0.42388276 0.40261506 0.37469526 0.60525665
 0.52798956 0.13974095 0.32144018 0.33743384 0.36416751 0.31866724
 0.39981282 0.29989377 0.25115007 0.67168108 0.36442737 0.58844162
 0.60207941 0.29670611 0.57912662 0.34905369 0.32903409 0.56805232
 0.6582558  0.42445428 0.39017552 0.59505119 0.54035171 0.34340356
 0.46279745 0.36092227 0.34099035 0.24425335 0.60294586 0.39136639
 0.38354787 0.33668155 0.468241   0.47331324 0.21358475 0.49414825
 0.55493345 0.33170028 0.47824628 0.3916814  0.54815261 0.5142336
 0.41309905 0.54655511 0.46939032 0.54007033 0.25258575 0.44035896
 0.33427497 0.30185558 0.53173519 0.61386461 0.28108187 0.68378335
 0.27142144 0.3353732  0.41552364 0.37470147 0.62860296 0.41090112
 0.75751054 0.59562334 0.38578153 0.4479046  0.55360297 0.69274801
 0.2326434  0.29361977 0.35665053 0.63150801 0.16548017 0.44732763
 0.49056265 0.713222   0.25744445 0.07519164 0.41649719 0.46335234
 0.41457403 0.52411087 0.25574612 0.43570645 0.19308412 0.55375292
 0.72471043 0.55638845 0.56687896 0.34813807 0.59021466 0.71702785
 0.32498817 0.37292315 0.39789451 0.74326059 0.63612357 0.47490684
 0.65368422 0.49204077 0.36622345 0.43160531 0.17874259 0.29225655
 0.30109045 0.15637153 0.36464282 0.45106622 0.45861636 0.71933639
 0.32256608 0.48460148 0.17642387 0.22904619 0.34929325 0.48630295
 0.66620229 0.27319011 0.46510844 0.4302288  0.85024678 0.6319622
 0.4809724  0.36638325 0.49190379 0.71529352 0.21885505 0.42785417
 0.36186866 0.65273103 0.371344   0.28697634 0.28938112 0.37654652
 0.58952536 0.50967556 0.55811058 0.29780963 0.39432648 0.43834959
 0.58875501 0.36365094 0.35165045 0.36520323 0.76258618 0.41120145
 0.47703442 0.66017883 0.28850719 0.37243878 0.30213542 0.24963575
 0.2749751  0.5846429  0.48480476 0.39767913 0.62635091 0.38899491
 0.31605874 0.50883531 0.34547898 0.153237   0.47066276 0.48884268
 0.44886215 0.42815147 0.435753   0.41867205 0.5033687  0.67727931
 0.4892193  0.19527862 0.39619603 0.51429484 0.73368156 0.26215743
 0.62113766 0.18483145 0.33305101 0.73866922 0.57575043 0.48391921
 0.40158449 0.53077913 0.11655806 0.68751404 0.48666824 0.44393874
 0.56044945 0.48080171 0.26795308 0.50699019 0.2884762  0.40818074
 0.26879369 0.27022194 0.61158343 0.53253953 0.55104506 0.83021427
 0.39484612 0.3214976  0.73925964 0.71392716 0.46686774 0.55511479
 0.50417821 0.41813583 0.63437103 0.57134628 0.77741502 0.56661743
 0.33527295 0.56918607 0.56641094 0.68313903 0.33037914 0.43928086
 0.11379089 0.05322833 0.16059112 0.38357772 0.31538685 0.51039583
 0.31337908 0.48046429 0.40579596 0.21978993 0.42531572 0.52176874
 0.54198652 0.13271093 0.23836739 0.54667815 0.12921767 0.67070511
 0.68175974 0.42452053 0.4452829  0.46022372 0.64722045 0.37904371
 0.4622745  0.20664138 0.7602209  0.34212903 0.28085145 0.67069127
 0.35225047 0.49160043 0.32727058 0.42319704 0.61109074 0.44505015
 0.33639716 0.48143548 0.21266279 0.7363463  0.23174061 0.28641706
 0.24349224 0.33178556 0.20545706 0.41698736 0.1703727  0.38229408
 0.29019531 0.38852122 0.17280861 0.65615497 0.15879719 0.21982717
 0.59374375 0.37596913 0.23752732 0.36432016 0.47222498 0.57491724
 0.46472433 0.49784308 0.32235752 0.43829556 0.17367915 0.69768279
 0.31209519 0.53239514 0.36841576 0.52668136 0.24836386 0.5682914
 0.68597111 0.44914255]
2019-11-30 11:00:20,323 - root - ERROR - Invalid alias: The name clear can't be aliased because it is another magic command.
2019-11-30 11:00:20,323 - root - ERROR - Invalid alias: The name more can't be aliased because it is another magic command.
2019-11-30 11:00:20,324 - root - ERROR - Invalid alias: The name less can't be aliased because it is another magic command.
2019-11-30 11:00:20,324 - root - ERROR - Invalid alias: The name man can't be aliased because it is another magic command.
